<?xml version="1.0" encoding="UTF-8"?>
<!-- Generated by org.testng.reporters.JUnitXMLReporter -->
<testsuite hostname="hai" ignored="0" name="Default test" tests="7" failures="0" timestamp="02 Jan 2018 11:44:18 GMT" time="76.346" errors="0">
  <testcase name="verifyLoginWithDiffrentRecords" time="10.448" classname="com.crewsight.automation.homePage.TC003_VerifyLoginWithDiffrentRecords"/>
  <testcase name="verifyLoginWithDiffrentRecords" time="9.368" classname="com.crewsight.automation.homePage.TC003_VerifyLoginWithDiffrentRecords"/>
  <testcase name="verifyLoginWithDiffrentRecords" time="8.991" classname="com.crewsight.automation.homePage.TC003_VerifyLoginWithDiffrentRecords"/>
  <testcase name="verifyLoginWithDiffrentRecords" time="8.462" classname="com.crewsight.automation.homePage.TC003_VerifyLoginWithDiffrentRecords"/>
  <testcase name="verifyLoginWithDiffrentRecords" time="8.914" classname="com.crewsight.automation.homePage.TC003_VerifyLoginWithDiffrentRecords"/>
  <testcase name="verifyLoginWithDiffrentRecords" time="8.927" classname="com.crewsight.automation.homePage.TC003_VerifyLoginWithDiffrentRecords"/>
  <testcase name="verifyLoginWithDiffrentRecords" time="8.628" classname="com.crewsight.automation.homePage.TC003_VerifyLoginWithDiffrentRecords"/>
</testsuite> <!-- Default test -->
