<?xml version="1.0" encoding="UTF-8"?>
<testng-results skipped="0" failed="1" ignored="0" total="9" passed="8">
  <reporter-output>
  </reporter-output>
  <suite name="Regression Suite" duration-ms="121895" started-at="2018-01-02T11:59:05Z" finished-at="2018-01-02T12:01:07Z">
    <groups>
    </groups>
    <test name="TC001_VerifyLoginWithInvalidCredentials" duration-ms="15245" started-at="2018-01-02T11:59:05Z" finished-at="2018-01-02T11:59:20Z">
      <class name="com.crewsight.automation.homePage.TC001_VerifyLoginWithInvalidCredentials">
        <test-method status="PASS" signature="startTest()[pri:0, instance:com.crewsight.automation.homePage.TC001_VerifyLoginWithInvalidCredentials@604ed9f0]" name="startTest" is-config="true" duration-ms="11143" started-at="2018-01-02T17:29:05Z" finished-at="2018-01-02T17:29:16Z">
          <reporter-output>
          </reporter-output>
        </test-method> <!-- startTest -->
        <test-method status="PASS" signature="verifyLoginWithInvalidCredentials()[pri:0, instance:com.crewsight.automation.homePage.TC001_VerifyLoginWithInvalidCredentials@604ed9f0]" name="verifyLoginWithInvalidCredentials" duration-ms="1635" started-at="2018-01-02T17:29:16Z" finished-at="2018-01-02T17:29:18Z">
          <reporter-output>
          </reporter-output>
        </test-method> <!-- verifyLoginWithInvalidCredentials -->
        <test-method status="PASS" signature="endtest()[pri:0, instance:com.crewsight.automation.homePage.TC001_VerifyLoginWithInvalidCredentials@604ed9f0]" name="endtest" is-config="true" duration-ms="2386" started-at="2018-01-02T17:29:18Z" finished-at="2018-01-02T17:29:20Z">
          <reporter-output>
          </reporter-output>
        </test-method> <!-- endtest -->
      </class> <!-- com.crewsight.automation.homePage.TC001_VerifyLoginWithInvalidCredentials -->
    </test> <!-- TC001_VerifyLoginWithInvalidCredentials -->
    <test name="TC002_ForgotPassword" duration-ms="17094" started-at="2018-01-02T11:59:20Z" finished-at="2018-01-02T11:59:37Z">
      <class name="com.crewsight.automation.homePage.TC002_ForgotPassword">
        <test-method status="PASS" signature="startTest()[pri:0, instance:com.crewsight.automation.homePage.TC002_ForgotPassword@57fffcd7]" name="startTest" is-config="true" duration-ms="13852" started-at="2018-01-02T17:29:20Z" finished-at="2018-01-02T17:29:34Z">
          <reporter-output>
          </reporter-output>
        </test-method> <!-- startTest -->
        <test-method status="PASS" signature="forgotPassword()[pri:0, instance:com.crewsight.automation.homePage.TC002_ForgotPassword@57fffcd7]" name="forgotPassword" duration-ms="1383" started-at="2018-01-02T17:29:34Z" finished-at="2018-01-02T17:29:36Z">
          <reporter-output>
          </reporter-output>
        </test-method> <!-- forgotPassword -->
        <test-method status="PASS" signature="endTest()[pri:0, instance:com.crewsight.automation.homePage.TC002_ForgotPassword@57fffcd7]" name="endTest" is-config="true" duration-ms="1859" started-at="2018-01-02T17:29:36Z" finished-at="2018-01-02T17:29:37Z">
          <reporter-output>
          </reporter-output>
        </test-method> <!-- endTest -->
      </class> <!-- com.crewsight.automation.homePage.TC002_ForgotPassword -->
    </test> <!-- TC002_ForgotPassword -->
    <test name="TC003_VerifyLoginWithDiffrentRecords" duration-ms="89463" started-at="2018-01-02T11:59:38Z" finished-at="2018-01-02T12:01:07Z">
      <class name="com.crewsight.automation.homePage.TC003_VerifyLoginWithDiffrentRecords">
        <test-method status="PASS" signature="startTest()[pri:0, instance:com.crewsight.automation.homePage.TC003_VerifyLoginWithDiffrentRecords@490ab905]" name="startTest" is-config="true" duration-ms="9427" started-at="2018-01-02T17:29:38Z" finished-at="2018-01-02T17:29:47Z">
          <reporter-output>
          </reporter-output>
        </test-method> <!-- startTest -->
        <test-method status="PASS" signature="verifyLoginWithDiffrentRecords(java.lang.String, java.lang.String, java.lang.String)[pri:0, instance:com.crewsight.automation.homePage.TC003_VerifyLoginWithDiffrentRecords@490ab905]" name="verifyLoginWithDiffrentRecords" duration-ms="14847" started-at="2018-01-02T17:29:48Z" data-provider="loginData" finished-at="2018-01-02T17:30:03Z">
          <params>
            <param index="0">
              <value>
                <![CDATA[vroopesh@outlook.com]]>
              </value>
            </param>
            <param index="1">
              <value>
                <![CDATA[V123r123]]>
              </value>
            </param>
            <param index="2">
              <value>
                <![CDATA[y]]>
              </value>
            </param>
          </params>
          <reporter-output>
          </reporter-output>
        </test-method> <!-- verifyLoginWithDiffrentRecords -->
        <test-method status="PASS" signature="verifyLoginWithDiffrentRecords(java.lang.String, java.lang.String, java.lang.String)[pri:0, instance:com.crewsight.automation.homePage.TC003_VerifyLoginWithDiffrentRecords@490ab905]" name="verifyLoginWithDiffrentRecords" duration-ms="9718" started-at="2018-01-02T17:30:03Z" data-provider="loginData" finished-at="2018-01-02T17:30:12Z">
          <params>
            <param index="0">
              <value>
                <![CDATA[vroopesh@outlook.com]]>
              </value>
            </param>
            <param index="1">
              <value>
                <![CDATA[V123r123]]>
              </value>
            </param>
            <param index="2">
              <value>
                <![CDATA[y]]>
              </value>
            </param>
          </params>
          <reporter-output>
          </reporter-output>
        </test-method> <!-- verifyLoginWithDiffrentRecords -->
        <test-method status="PASS" signature="verifyLoginWithDiffrentRecords(java.lang.String, java.lang.String, java.lang.String)[pri:0, instance:com.crewsight.automation.homePage.TC003_VerifyLoginWithDiffrentRecords@490ab905]" name="verifyLoginWithDiffrentRecords" duration-ms="10062" started-at="2018-01-02T17:30:12Z" data-provider="loginData" finished-at="2018-01-02T17:30:22Z">
          <params>
            <param index="0">
              <value>
                <![CDATA[vroopesh@outlook.com]]>
              </value>
            </param>
            <param index="1">
              <value>
                <![CDATA[V123r123]]>
              </value>
            </param>
            <param index="2">
              <value>
                <![CDATA[y]]>
              </value>
            </param>
          </params>
          <reporter-output>
          </reporter-output>
        </test-method> <!-- verifyLoginWithDiffrentRecords -->
        <test-method status="PASS" signature="verifyLoginWithDiffrentRecords(java.lang.String, java.lang.String, java.lang.String)[pri:0, instance:com.crewsight.automation.homePage.TC003_VerifyLoginWithDiffrentRecords@490ab905]" name="verifyLoginWithDiffrentRecords" duration-ms="9900" started-at="2018-01-02T17:30:22Z" data-provider="loginData" finished-at="2018-01-02T17:30:32Z">
          <params>
            <param index="0">
              <value>
                <![CDATA[vroopesh@outlook.com]]>
              </value>
            </param>
            <param index="1">
              <value>
                <![CDATA[V123r123]]>
              </value>
            </param>
            <param index="2">
              <value>
                <![CDATA[y]]>
              </value>
            </param>
          </params>
          <reporter-output>
          </reporter-output>
        </test-method> <!-- verifyLoginWithDiffrentRecords -->
        <test-method status="FAIL" signature="verifyLoginWithDiffrentRecords(java.lang.String, java.lang.String, java.lang.String)[pri:0, instance:com.crewsight.automation.homePage.TC003_VerifyLoginWithDiffrentRecords@490ab905]" name="verifyLoginWithDiffrentRecords" duration-ms="11145" started-at="2018-01-02T17:30:32Z" data-provider="loginData" finished-at="2018-01-02T17:30:43Z">
          <params>
            <param index="0">
              <value>
                <![CDATA[vroopesh@outlook.com]]>
              </value>
            </param>
            <param index="1">
              <value>
                <![CDATA[V123r123]]>
              </value>
            </param>
            <param index="2">
              <value>
                <![CDATA[y]]>
              </value>
            </param>
          </params>
          <exception class="org.openqa.selenium.StaleElementReferenceException">
            <message>
              <![CDATA[stale element reference: element is not attached to the page document
  (Session info: chrome=63.0.3239.108)
  (Driver info: chromedriver=2.34.522940 (1a76f96f66e3ca7b8e57d503b4dd3bccfba87af1),platform=Windows NT 6.3.9600 x86_64) (WARNING: The server did not provide any stacktrace information)
Command duration or timeout: 4.79 seconds
For documentation on this error, please visit: http://seleniumhq.org/exceptions/stale_element_reference.html
Build info: version: '3.0.1', revision: '1969d75', time: '2016-10-18 09:49:13 -0700'
System info: host: 'hai', ip: '192.168.1.160', os.name: 'Windows 8.1', os.arch: 'amd64', os.version: '6.3', java.version: '1.8.0_131'
Driver info: org.openqa.selenium.chrome.ChromeDriver
Capabilities [{applicationCacheEnabled=false, rotatable=false, mobileEmulationEnabled=false, networkConnectionEnabled=false, chrome={chromedriverVersion=2.34.522940 (1a76f96f66e3ca7b8e57d503b4dd3bccfba87af1), userDataDir=C:\Users\india\AppData\Local\Temp\scoped_dir5852_31879}, takesHeapSnapshot=true, pageLoadStrategy=normal, databaseEnabled=false, handlesAlerts=true, hasTouchScreen=false, version=63.0.3239.108, platform=WIN8_1, browserConnectionEnabled=false, nativeEvents=true, acceptSslCerts=true, locationContextEnabled=true, webStorageEnabled=true, browserName=chrome, takesScreenshot=true, javascriptEnabled=true, cssSelectorsEnabled=true, setWindowRect=true, unexpectedAlertBehaviour=}]
Session ID: 1d3f09f2bf03d3d6901898153518cdb7]]>
            </message>
            <full-stacktrace>
              <![CDATA[org.openqa.selenium.StaleElementReferenceException: stale element reference: element is not attached to the page document
  (Session info: chrome=63.0.3239.108)
  (Driver info: chromedriver=2.34.522940 (1a76f96f66e3ca7b8e57d503b4dd3bccfba87af1),platform=Windows NT 6.3.9600 x86_64) (WARNING: The server did not provide any stacktrace information)
Command duration or timeout: 4.79 seconds
For documentation on this error, please visit: http://seleniumhq.org/exceptions/stale_element_reference.html
Build info: version: '3.0.1', revision: '1969d75', time: '2016-10-18 09:49:13 -0700'
System info: host: 'hai', ip: '192.168.1.160', os.name: 'Windows 8.1', os.arch: 'amd64', os.version: '6.3', java.version: '1.8.0_131'
Driver info: org.openqa.selenium.chrome.ChromeDriver
Capabilities [{applicationCacheEnabled=false, rotatable=false, mobileEmulationEnabled=false, networkConnectionEnabled=false, chrome={chromedriverVersion=2.34.522940 (1a76f96f66e3ca7b8e57d503b4dd3bccfba87af1), userDataDir=C:\Users\india\AppData\Local\Temp\scoped_dir5852_31879}, takesHeapSnapshot=true, pageLoadStrategy=normal, databaseEnabled=false, handlesAlerts=true, hasTouchScreen=false, version=63.0.3239.108, platform=WIN8_1, browserConnectionEnabled=false, nativeEvents=true, acceptSslCerts=true, locationContextEnabled=true, webStorageEnabled=true, browserName=chrome, takesScreenshot=true, javascriptEnabled=true, cssSelectorsEnabled=true, setWindowRect=true, unexpectedAlertBehaviour=}]
Session ID: 1d3f09f2bf03d3d6901898153518cdb7
	at sun.reflect.NativeConstructorAccessorImpl.newInstance0(Native Method)
	at sun.reflect.NativeConstructorAccessorImpl.newInstance(Unknown Source)
	at sun.reflect.DelegatingConstructorAccessorImpl.newInstance(Unknown Source)
	at java.lang.reflect.Constructor.newInstance(Unknown Source)
	at org.openqa.selenium.remote.ErrorHandler.createThrowable(ErrorHandler.java:216)
	at org.openqa.selenium.remote.ErrorHandler.throwIfResponseFailed(ErrorHandler.java:168)
	at org.openqa.selenium.remote.RemoteWebDriver.execute(RemoteWebDriver.java:635)
	at org.openqa.selenium.remote.RemoteWebElement.execute(RemoteWebElement.java:274)
	at org.openqa.selenium.remote.RemoteWebElement.sendKeys(RemoteWebElement.java:98)
	at sun.reflect.NativeMethodAccessorImpl.invoke0(Native Method)
	at sun.reflect.NativeMethodAccessorImpl.invoke(Unknown Source)
	at sun.reflect.DelegatingMethodAccessorImpl.invoke(Unknown Source)
	at java.lang.reflect.Method.invoke(Unknown Source)
	at org.openqa.selenium.support.pagefactory.internal.LocatingElementHandler.invoke(LocatingElementHandler.java:51)
	at com.sun.proxy.$Proxy10.sendKeys(Unknown Source)
	at com.crewsight.automation.uiActions.HomePage.loginToApplication(HomePage.java:53)
	at com.crewsight.automation.homePage.TC003_VerifyLoginWithDiffrentRecords.verifyLoginWithDiffrentRecords(TC003_VerifyLoginWithDiffrentRecords.java:40)
	at sun.reflect.NativeMethodAccessorImpl.invoke0(Native Method)
	at sun.reflect.NativeMethodAccessorImpl.invoke(Unknown Source)
	at sun.reflect.DelegatingMethodAccessorImpl.invoke(Unknown Source)
	at java.lang.reflect.Method.invoke(Unknown Source)
	at org.testng.internal.MethodInvocationHelper.invokeMethod(MethodInvocationHelper.java:104)
	at org.testng.internal.Invoker.invokeMethod(Invoker.java:645)
	at org.testng.internal.Invoker.invokeTestMethod(Invoker.java:851)
	at org.testng.internal.Invoker.invokeTestMethods(Invoker.java:1177)
	at org.testng.internal.TestMethodWorker.invokeTestMethods(TestMethodWorker.java:129)
	at org.testng.internal.TestMethodWorker.run(TestMethodWorker.java:112)
	at org.testng.TestRunner.privateRun(TestRunner.java:756)
	at org.testng.TestRunner.run(TestRunner.java:610)
	at org.testng.SuiteRunner.runTest(SuiteRunner.java:387)
	at org.testng.SuiteRunner.runSequentially(SuiteRunner.java:382)
	at org.testng.SuiteRunner.privateRun(SuiteRunner.java:340)
	at org.testng.SuiteRunner.run(SuiteRunner.java:289)
	at org.testng.SuiteRunnerWorker.runSuite(SuiteRunnerWorker.java:52)
	at org.testng.SuiteRunnerWorker.run(SuiteRunnerWorker.java:86)
	at org.testng.TestNG.runSuitesSequentially(TestNG.java:1293)
	at org.testng.TestNG.runSuitesLocally(TestNG.java:1218)
	at org.testng.TestNG.runSuites(TestNG.java:1133)
	at org.testng.TestNG.run(TestNG.java:1104)
	at org.testng.remote.AbstractRemoteTestNG.run(AbstractRemoteTestNG.java:114)
	at org.testng.remote.RemoteTestNG.initAndRun(RemoteTestNG.java:251)
	at org.testng.remote.RemoteTestNG.main(RemoteTestNG.java:77)
]]>
            </full-stacktrace>
          </exception> <!-- org.openqa.selenium.StaleElementReferenceException -->
          <reporter-output>
          </reporter-output>
        </test-method> <!-- verifyLoginWithDiffrentRecords -->
        <test-method status="PASS" signature="verifyLoginWithDiffrentRecords(java.lang.String, java.lang.String, java.lang.String)[pri:0, instance:com.crewsight.automation.homePage.TC003_VerifyLoginWithDiffrentRecords@490ab905]" name="verifyLoginWithDiffrentRecords" duration-ms="10122" started-at="2018-01-02T17:30:43Z" data-provider="loginData" finished-at="2018-01-02T17:30:54Z">
          <params>
            <param index="0">
              <value>
                <![CDATA[vroopesh@outlook.com]]>
              </value>
            </param>
            <param index="1">
              <value>
                <![CDATA[V123r123]]>
              </value>
            </param>
            <param index="2">
              <value>
                <![CDATA[y]]>
              </value>
            </param>
          </params>
          <reporter-output>
          </reporter-output>
        </test-method> <!-- verifyLoginWithDiffrentRecords -->
        <test-method status="PASS" signature="verifyLoginWithDiffrentRecords(java.lang.String, java.lang.String, java.lang.String)[pri:0, instance:com.crewsight.automation.homePage.TC003_VerifyLoginWithDiffrentRecords@490ab905]" name="verifyLoginWithDiffrentRecords" duration-ms="10179" started-at="2018-01-02T17:30:54Z" data-provider="loginData" finished-at="2018-01-02T17:31:04Z">
          <params>
            <param index="0">
              <value>
                <![CDATA[vroopesh@outlook.com]]>
              </value>
            </param>
            <param index="1">
              <value>
                <![CDATA[V123r123]]>
              </value>
            </param>
            <param index="2">
              <value>
                <![CDATA[y]]>
              </value>
            </param>
          </params>
          <reporter-output>
          </reporter-output>
        </test-method> <!-- verifyLoginWithDiffrentRecords -->
        <test-method status="PASS" signature="endTest()[pri:0, instance:com.crewsight.automation.homePage.TC003_VerifyLoginWithDiffrentRecords@490ab905]" name="endTest" is-config="true" duration-ms="3233" started-at="2018-01-02T17:31:04Z" finished-at="2018-01-02T17:31:07Z">
          <reporter-output>
          </reporter-output>
        </test-method> <!-- endTest -->
      </class> <!-- com.crewsight.automation.homePage.TC003_VerifyLoginWithDiffrentRecords -->
    </test> <!-- TC003_VerifyLoginWithDiffrentRecords -->
  </suite> <!-- Regression Suite -->
</testng-results>
